2019-10-01 18:50:51 - error while executing neo4j statement
org.neo4j.driver.v1.exceptions.ClientException: Expected exactly one statement per query but got: 3
	at org.neo4j.driver.internal.util.Futures.blockingGet(Futures.java:122)
	at org.neo4j.driver.internal.ExplicitTransaction.close(ExplicitTransaction.java:117)
	at org.neo4j.driver.internal.NetworkSession.lambda$transaction$10(NetworkSession.java:332)
	at org.neo4j.driver.internal.retry.ExponentialBackoffRetryLogic.retry(ExponentialBackoffRetryLogic.java:93)
	at org.neo4j.driver.internal.NetworkSession.transaction(NetworkSession.java:315)
	at org.neo4j.driver.internal.NetworkSession.writeTransaction(NetworkSession.java:235)
	at org.neo4j.driver.internal.NetworkSession.writeTransaction(NetworkSession.java:229)
	at com.arafeh.jsf.service.Neo4jExecutorService.execute(Neo4jExecutorService.java:57)
	at com.arafeh.jsf.bll.RelationNodeBll.saveNeo4j(RelationNodeBll.java:74)
	at com.arafeh.jsf.bll.RelationNodeBll.saveNodeNeo4j(RelationNodeBll.java:84)
	at com.arafeh.jsf.dal.RelationNodeTest.testSaveNeo(RelationNodeTest.java:99)
	at sun.reflect.NativeMethodAccessorImpl.invoke0(Native Method)
	at sun.reflect.NativeMethodAccessorImpl.invoke(NativeMethodAccessorImpl.java:62)
	at sun.reflect.DelegatingMethodAccessorImpl.invoke(DelegatingMethodAccessorImpl.java:43)
	at java.lang.reflect.Method.invoke(Method.java:498)
	at org.junit.runners.model.FrameworkMethod$1.runReflectiveCall(FrameworkMethod.java:50)
	at org.junit.internal.runners.model.ReflectiveCallable.run(ReflectiveCallable.java:12)
	at org.junit.runners.model.FrameworkMethod.invokeExplosively(FrameworkMethod.java:47)
	at org.junit.internal.runners.statements.InvokeMethod.evaluate(InvokeMethod.java:17)
	at org.junit.runners.ParentRunner.runLeaf(ParentRunner.java:325)
	at org.junit.runners.BlockJUnit4ClassRunner.runChild(BlockJUnit4ClassRunner.java:78)
	at org.junit.runners.BlockJUnit4ClassRunner.runChild(BlockJUnit4ClassRunner.java:57)
	at org.junit.runners.ParentRunner$3.run(ParentRunner.java:290)
	at org.junit.runners.ParentRunner$1.schedule(ParentRunner.java:71)
	at org.junit.runners.ParentRunner.runChildren(ParentRunner.java:288)
	at org.junit.runners.ParentRunner.access$000(ParentRunner.java:58)
	at org.junit.runners.ParentRunner$2.evaluate(ParentRunner.java:268)
	at org.junit.runners.ParentRunner.run(ParentRunner.java:363)
	at org.junit.runner.JUnitCore.run(JUnitCore.java:137)
	at com.intellij.junit4.JUnit4IdeaTestRunner.startRunnerWithArgs(JUnit4IdeaTestRunner.java:68)
	at com.intellij.rt.execution.junit.IdeaTestRunner$Repeater.startRunnerWithArgs(IdeaTestRunner.java:47)
	at com.intellij.rt.execution.junit.JUnitStarter.prepareStreamsAndStart(JUnitStarter.java:242)
	at com.intellij.rt.execution.junit.JUnitStarter.main(JUnitStarter.java:70)
	Suppressed: org.neo4j.driver.v1.exceptions.ClientException: Transaction can't be committed. It has been rolled back either because of an error or explicit termination
		at org.neo4j.driver.internal.ExplicitTransaction.doCommitAsync(ExplicitTransaction.java:235)
		at org.neo4j.driver.internal.ExplicitTransaction.lambda$commitAsync$2(ExplicitTransaction.java:151)
		at java.util.concurrent.CompletableFuture.uniCompose(CompletableFuture.java:952)
		at java.util.concurrent.CompletableFuture$UniCompose.tryFire(CompletableFuture.java:926)
		at java.util.concurrent.CompletableFuture.postComplete(CompletableFuture.java:474)
		at java.util.concurrent.CompletableFuture.complete(CompletableFuture.java:1962)
		at org.neo4j.driver.internal.handlers.PullAllResponseHandler.completeFailureFuture(PullAllResponseHandler.java:326)
		at org.neo4j.driver.internal.handlers.PullAllResponseHandler.onFailure(PullAllResponseHandler.java:109)
		at org.neo4j.driver.internal.async.inbound.InboundMessageDispatcher.handleIgnoredMessage(InboundMessageDispatcher.java:141)
		at org.neo4j.driver.internal.messaging.v1.MessageReaderV1.unpackIgnoredMessage(MessageReaderV1.java:88)
		at org.neo4j.driver.internal.messaging.v1.MessageReaderV1.read(MessageReaderV1.java:62)
		at org.neo4j.driver.internal.async.inbound.InboundMessageHandler.channelRead0(InboundMessageHandler.java:83)
		at org.neo4j.driver.internal.async.inbound.InboundMessageHandler.channelRead0(InboundMessageHandler.java:35)
		at org.neo4j.driver.internal.shaded.io.netty.channel.SimpleChannelInboundHandler.channelRead(SimpleChannelInboundHandler.java:105)
		at org.neo4j.driver.internal.shaded.io.netty.channel.AbstractChannelHandlerContext.invokeChannelRead(AbstractChannelHandlerContext.java:362)
		at org.neo4j.driver.internal.shaded.io.netty.channel.AbstractChannelHandlerContext.invokeChannelRead(AbstractChannelHandlerContext.java:348)
		at org.neo4j.driver.internal.shaded.io.netty.channel.AbstractChannelHandlerContext.fireChannelRead(AbstractChannelHandlerContext.java:340)
		at org.neo4j.driver.internal.shaded.io.netty.handler.codec.ByteToMessageDecoder.fireChannelRead(ByteToMessageDecoder.java:310)
		at org.neo4j.driver.internal.shaded.io.netty.handler.codec.ByteToMessageDecoder.channelRead(ByteToMessageDecoder.java:284)
		at org.neo4j.driver.internal.async.inbound.MessageDecoder.channelRead(MessageDecoder.java:47)
		at org.neo4j.driver.internal.shaded.io.netty.channel.AbstractChannelHandlerContext.invokeChannelRead(AbstractChannelHandlerContext.java:362)
		at org.neo4j.driver.internal.shaded.io.netty.channel.AbstractChannelHandlerContext.invokeChannelRead(AbstractChannelHandlerContext.java:348)
		at org.neo4j.driver.internal.shaded.io.netty.channel.AbstractChannelHandlerContext.fireChannelRead(AbstractChannelHandlerContext.java:340)
		at org.neo4j.driver.internal.shaded.io.netty.handler.codec.ByteToMessageDecoder.fireChannelRead(ByteToMessageDecoder.java:310)
		at org.neo4j.driver.internal.shaded.io.netty.handler.codec.ByteToMessageDecoder.channelRead(ByteToMessageDecoder.java:284)
		at org.neo4j.driver.internal.shaded.io.netty.channel.AbstractChannelHandlerContext.invokeChannelRead(AbstractChannelHandlerContext.java:362)
		at org.neo4j.driver.internal.shaded.io.netty.channel.AbstractChannelHandlerContext.invokeChannelRead(AbstractChannelHandlerContext.java:348)
		at org.neo4j.driver.internal.shaded.io.netty.channel.AbstractChannelHandlerContext.fireChannelRead(AbstractChannelHandlerContext.java:340)
		at org.neo4j.driver.internal.shaded.io.netty.handler.ssl.SslHandler.unwrap(SslHandler.java:1389)
		at org.neo4j.driver.internal.shaded.io.netty.handler.ssl.SslHandler.decodeJdkCompatible(SslHandler.java:1159)
		at org.neo4j.driver.internal.shaded.io.netty.handler.ssl.SslHandler.decode(SslHandler.java:1203)
		at org.neo4j.driver.internal.shaded.io.netty.handler.codec.ByteToMessageDecoder.decodeRemovalReentryProtection(ByteToMessageDecoder.java:489)
		at org.neo4j.driver.internal.shaded.io.netty.handler.codec.ByteToMessageDecoder.callDecode(ByteToMessageDecoder.java:428)
		at org.neo4j.driver.internal.shaded.io.netty.handler.codec.ByteToMessageDecoder.channelRead(ByteToMessageDecoder.java:265)
		at org.neo4j.driver.internal.shaded.io.netty.channel.AbstractChannelHandlerContext.invokeChannelRead(AbstractChannelHandlerContext.java:362)
		at org.neo4j.driver.internal.shaded.io.netty.channel.AbstractChannelHandlerContext.invokeChannelRead(AbstractChannelHandlerContext.java:348)
		at org.neo4j.driver.internal.shaded.io.netty.channel.AbstractChannelHandlerContext.fireChannelRead(AbstractChannelHandlerContext.java:340)
		at org.neo4j.driver.internal.shaded.io.netty.channel.DefaultChannelPipeline$HeadContext.channelRead(DefaultChannelPipeline.java:1414)
		at org.neo4j.driver.internal.shaded.io.netty.channel.AbstractChannelHandlerContext.invokeChannelRead(AbstractChannelHandlerContext.java:362)
		at org.neo4j.driver.internal.shaded.io.netty.channel.AbstractChannelHandlerContext.invokeChannelRead(AbstractChannelHandlerContext.java:348)
		at org.neo4j.driver.internal.shaded.io.netty.channel.DefaultChannelPipeline.fireChannelRead(DefaultChannelPipeline.java:945)
		at org.neo4j.driver.internal.shaded.io.netty.channel.nio.AbstractNioByteChannel$NioByteUnsafe.read(AbstractNioByteChannel.java:146)
		at org.neo4j.driver.internal.shaded.io.netty.channel.nio.NioEventLoop.processSelectedKey(NioEventLoop.java:645)
		at org.neo4j.driver.internal.shaded.io.netty.channel.nio.NioEventLoop.processSelectedKeysOptimized(NioEventLoop.java:580)
		at org.neo4j.driver.internal.shaded.io.netty.channel.nio.NioEventLoop.processSelectedKeys(NioEventLoop.java:497)
		at org.neo4j.driver.internal.shaded.io.netty.channel.nio.NioEventLoop.run(NioEventLoop.java:459)
		at org.neo4j.driver.internal.shaded.io.netty.util.concurrent.SingleThreadEventExecutor$5.run(SingleThreadEventExecutor.java:886)
		at org.neo4j.driver.internal.shaded.io.netty.util.concurrent.FastThreadLocalRunnable.run(FastThreadLocalRunnable.java:30)
		at java.lang.Thread.run(Thread.java:748)
	Suppressed: org.neo4j.driver.internal.util.ErrorUtil$InternalExceptionCause: null
		at org.neo4j.driver.internal.util.ErrorUtil.newNeo4jError(ErrorUtil.java:67)
		at org.neo4j.driver.internal.async.inbound.InboundMessageDispatcher.handleFailureMessage(InboundMessageDispatcher.java:104)
		at org.neo4j.driver.internal.messaging.v1.MessageReaderV1.unpackFailureMessage(MessageReaderV1.java:83)
		at org.neo4j.driver.internal.messaging.v1.MessageReaderV1.read(MessageReaderV1.java:59)
		at org.neo4j.driver.internal.async.inbound.InboundMessageHandler.channelRead0(InboundMessageHandler.java:83)
		at org.neo4j.driver.internal.async.inbound.InboundMessageHandler.channelRead0(InboundMessageHandler.java:35)
		at org.neo4j.driver.internal.shaded.io.netty.channel.SimpleChannelInboundHandler.channelRead(SimpleChannelInboundHandler.java:105)
		at org.neo4j.driver.internal.shaded.io.netty.channel.AbstractChannelHandlerContext.invokeChannelRead(AbstractChannelHandlerContext.java:362)
		at org.neo4j.driver.internal.shaded.io.netty.channel.AbstractChannelHandlerContext.invokeChannelRead(AbstractChannelHandlerContext.java:348)
		at org.neo4j.driver.internal.shaded.io.netty.channel.AbstractChannelHandlerContext.fireChannelRead(AbstractChannelHandlerContext.java:340)
		at org.neo4j.driver.internal.shaded.io.netty.handler.codec.ByteToMessageDecoder.fireChannelRead(ByteToMessageDecoder.java:310)
		at org.neo4j.driver.internal.shaded.io.netty.handler.codec.ByteToMessageDecoder.channelRead(ByteToMessageDecoder.java:284)
		at org.neo4j.driver.internal.async.inbound.MessageDecoder.channelRead(MessageDecoder.java:47)
		at org.neo4j.driver.internal.shaded.io.netty.channel.AbstractChannelHandlerContext.invokeChannelRead(AbstractChannelHandlerContext.java:362)
		at org.neo4j.driver.internal.shaded.io.netty.channel.AbstractChannelHandlerContext.invokeChannelRead(AbstractChannelHandlerContext.java:348)
		at org.neo4j.driver.internal.shaded.io.netty.channel.AbstractChannelHandlerContext.fireChannelRead(AbstractChannelHandlerContext.java:340)
		at org.neo4j.driver.internal.shaded.io.netty.handler.codec.ByteToMessageDecoder.fireChannelRead(ByteToMessageDecoder.java:310)
		at org.neo4j.driver.internal.shaded.io.netty.handler.codec.ByteToMessageDecoder.fireChannelRead(ByteToMessageDecoder.java:297)
		at org.neo4j.driver.internal.shaded.io.netty.handler.codec.ByteToMessageDecoder.callDecode(ByteToMessageDecoder.java:413)
		at org.neo4j.driver.internal.shaded.io.netty.handler.codec.ByteToMessageDecoder.channelRead(ByteToMessageDecoder.java:265)
		at org.neo4j.driver.internal.shaded.io.netty.channel.AbstractChannelHandlerContext.invokeChannelRead(AbstractChannelHandlerContext.java:362)
		at org.neo4j.driver.internal.shaded.io.netty.channel.AbstractChannelHandlerContext.invokeChannelRead(AbstractChannelHandlerContext.java:348)
		at org.neo4j.driver.internal.shaded.io.netty.channel.AbstractChannelHandlerContext.fireChannelRead(AbstractChannelHandlerContext.java:340)
		at org.neo4j.driver.internal.shaded.io.netty.handler.ssl.SslHandler.unwrap(SslHandler.java:1389)
		at org.neo4j.driver.internal.shaded.io.netty.handler.ssl.SslHandler.decodeJdkCompatible(SslHandler.java:1159)
		at org.neo4j.driver.internal.shaded.io.netty.handler.ssl.SslHandler.decode(SslHandler.java:1203)
		at org.neo4j.driver.internal.shaded.io.netty.handler.codec.ByteToMessageDecoder.decodeRemovalReentryProtection(ByteToMessageDecoder.java:489)
		at org.neo4j.driver.internal.shaded.io.netty.handler.codec.ByteToMessageDecoder.callDecode(ByteToMessageDecoder.java:428)
		at org.neo4j.driver.internal.shaded.io.netty.handler.codec.ByteToMessageDecoder.channelRead(ByteToMessageDecoder.java:265)
		at org.neo4j.driver.internal.shaded.io.netty.channel.AbstractChannelHandlerContext.invokeChannelRead(AbstractChannelHandlerContext.java:362)
		at org.neo4j.driver.internal.shaded.io.netty.channel.AbstractChannelHandlerContext.invokeChannelRead(AbstractChannelHandlerContext.java:348)
		at org.neo4j.driver.internal.shaded.io.netty.channel.AbstractChannelHandlerContext.fireChannelRead(AbstractChannelHandlerContext.java:340)
		at org.neo4j.driver.internal.shaded.io.netty.channel.DefaultChannelPipeline$HeadContext.channelRead(DefaultChannelPipeline.java:1414)
		at org.neo4j.driver.internal.shaded.io.netty.channel.AbstractChannelHandlerContext.invokeChannelRead(AbstractChannelHandlerContext.java:362)
		at org.neo4j.driver.internal.shaded.io.netty.channel.AbstractChannelHandlerContext.invokeChannelRead(AbstractChannelHandlerContext.java:348)
		at org.neo4j.driver.internal.shaded.io.netty.channel.DefaultChannelPipeline.fireChannelRead(DefaultChannelPipeline.java:945)
		at org.neo4j.driver.internal.shaded.io.netty.channel.nio.AbstractNioByteChannel$NioByteUnsafe.read(AbstractNioByteChannel.java:146)
		at org.neo4j.driver.internal.shaded.io.netty.channel.nio.NioEventLoop.processSelectedKey(NioEventLoop.java:645)
		at org.neo4j.driver.internal.shaded.io.netty.channel.nio.NioEventLoop.processSelectedKeysOptimized(NioEventLoop.java:580)
		at org.neo4j.driver.internal.shaded.io.netty.channel.nio.NioEventLoop.processSelectedKeys(NioEventLoop.java:497)
		at org.neo4j.driver.internal.shaded.io.netty.channel.nio.NioEventLoop.run(NioEventLoop.java:459)
		at org.neo4j.driver.internal.shaded.io.netty.util.concurrent.SingleThreadEventExecutor$5.run(SingleThreadEventExecutor.java:886)
		at org.neo4j.driver.internal.shaded.io.netty.util.concurrent.FastThreadLocalRunnable.run(FastThreadLocalRunnable.java:30)
		at java.lang.Thread.run(Thread.java:748)
2019-10-01 18:50:51 - error while executing neo4j statement
org.neo4j.driver.v1.exceptions.ClientException: Expected exactly one statement per query but got: 3
	at org.neo4j.driver.internal.util.Futures.blockingGet(Futures.java:122)
	at org.neo4j.driver.internal.ExplicitTransaction.close(ExplicitTransaction.java:117)
	at org.neo4j.driver.internal.NetworkSession.lambda$transaction$10(NetworkSession.java:332)
	at org.neo4j.driver.internal.retry.ExponentialBackoffRetryLogic.retry(ExponentialBackoffRetryLogic.java:93)
	at org.neo4j.driver.internal.NetworkSession.transaction(NetworkSession.java:315)
	at org.neo4j.driver.internal.NetworkSession.writeTransaction(NetworkSession.java:235)
	at org.neo4j.driver.internal.NetworkSession.writeTransaction(NetworkSession.java:229)
	at com.arafeh.jsf.service.Neo4jExecutorService.execute(Neo4jExecutorService.java:57)
	at com.arafeh.jsf.bll.RelationNodeBll.saveNeo4j(RelationNodeBll.java:74)
	at com.arafeh.jsf.bll.RelationNodeBll.saveNeo4j(RelationNodeBll.java:79)
	at com.arafeh.jsf.bll.RelationNodeBll.saveNodeNeo4j(RelationNodeBll.java:85)
	at com.arafeh.jsf.dal.RelationNodeTest.testSaveNeo(RelationNodeTest.java:99)
	at sun.reflect.NativeMethodAccessorImpl.invoke0(Native Method)
	at sun.reflect.NativeMethodAccessorImpl.invoke(NativeMethodAccessorImpl.java:62)
	at sun.reflect.DelegatingMethodAccessorImpl.invoke(DelegatingMethodAccessorImpl.java:43)
	at java.lang.reflect.Method.invoke(Method.java:498)
	at org.junit.runners.model.FrameworkMethod$1.runReflectiveCall(FrameworkMethod.java:50)
	at org.junit.internal.runners.model.ReflectiveCallable.run(ReflectiveCallable.java:12)
	at org.junit.runners.model.FrameworkMethod.invokeExplosively(FrameworkMethod.java:47)
	at org.junit.internal.runners.statements.InvokeMethod.evaluate(InvokeMethod.java:17)
	at org.junit.runners.ParentRunner.runLeaf(ParentRunner.java:325)
	at org.junit.runners.BlockJUnit4ClassRunner.runChild(BlockJUnit4ClassRunner.java:78)
	at org.junit.runners.BlockJUnit4ClassRunner.runChild(BlockJUnit4ClassRunner.java:57)
	at org.junit.runners.ParentRunner$3.run(ParentRunner.java:290)
	at org.junit.runners.ParentRunner$1.schedule(ParentRunner.java:71)
	at org.junit.runners.ParentRunner.runChildren(ParentRunner.java:288)
	at org.junit.runners.ParentRunner.access$000(ParentRunner.java:58)
	at org.junit.runners.ParentRunner$2.evaluate(ParentRunner.java:268)
	at org.junit.runners.ParentRunner.run(ParentRunner.java:363)
	at org.junit.runner.JUnitCore.run(JUnitCore.java:137)
	at com.intellij.junit4.JUnit4IdeaTestRunner.startRunnerWithArgs(JUnit4IdeaTestRunner.java:68)
	at com.intellij.rt.execution.junit.IdeaTestRunner$Repeater.startRunnerWithArgs(IdeaTestRunner.java:47)
	at com.intellij.rt.execution.junit.JUnitStarter.prepareStreamsAndStart(JUnitStarter.java:242)
	at com.intellij.rt.execution.junit.JUnitStarter.main(JUnitStarter.java:70)
	Suppressed: org.neo4j.driver.v1.exceptions.ClientException: Transaction can't be committed. It has been rolled back either because of an error or explicit termination
		at org.neo4j.driver.internal.ExplicitTransaction.doCommitAsync(ExplicitTransaction.java:235)
		at org.neo4j.driver.internal.ExplicitTransaction.lambda$commitAsync$2(ExplicitTransaction.java:151)
		at java.util.concurrent.CompletableFuture.uniCompose(CompletableFuture.java:952)
		at java.util.concurrent.CompletableFuture$UniCompose.tryFire(CompletableFuture.java:926)
		at java.util.concurrent.CompletableFuture.postComplete(CompletableFuture.java:474)
		at java.util.concurrent.CompletableFuture.complete(CompletableFuture.java:1962)
		at org.neo4j.driver.internal.handlers.PullAllResponseHandler.completeFailureFuture(PullAllResponseHandler.java:326)
		at org.neo4j.driver.internal.handlers.PullAllResponseHandler.onFailure(PullAllResponseHandler.java:109)
		at org.neo4j.driver.internal.async.inbound.InboundMessageDispatcher.handleIgnoredMessage(InboundMessageDispatcher.java:141)
		at org.neo4j.driver.internal.messaging.v1.MessageReaderV1.unpackIgnoredMessage(MessageReaderV1.java:88)
		at org.neo4j.driver.internal.messaging.v1.MessageReaderV1.read(MessageReaderV1.java:62)
		at org.neo4j.driver.internal.async.inbound.InboundMessageHandler.channelRead0(InboundMessageHandler.java:83)
		at org.neo4j.driver.internal.async.inbound.InboundMessageHandler.channelRead0(InboundMessageHandler.java:35)
		at org.neo4j.driver.internal.shaded.io.netty.channel.SimpleChannelInboundHandler.channelRead(SimpleChannelInboundHandler.java:105)
		at org.neo4j.driver.internal.shaded.io.netty.channel.AbstractChannelHandlerContext.invokeChannelRead(AbstractChannelHandlerContext.java:362)
		at org.neo4j.driver.internal.shaded.io.netty.channel.AbstractChannelHandlerContext.invokeChannelRead(AbstractChannelHandlerContext.java:348)
		at org.neo4j.driver.internal.shaded.io.netty.channel.AbstractChannelHandlerContext.fireChannelRead(AbstractChannelHandlerContext.java:340)
		at org.neo4j.driver.internal.shaded.io.netty.handler.codec.ByteToMessageDecoder.fireChannelRead(ByteToMessageDecoder.java:310)
		at org.neo4j.driver.internal.shaded.io.netty.handler.codec.ByteToMessageDecoder.channelRead(ByteToMessageDecoder.java:284)
		at org.neo4j.driver.internal.async.inbound.MessageDecoder.channelRead(MessageDecoder.java:47)
		at org.neo4j.driver.internal.shaded.io.netty.channel.AbstractChannelHandlerContext.invokeChannelRead(AbstractChannelHandlerContext.java:362)
		at org.neo4j.driver.internal.shaded.io.netty.channel.AbstractChannelHandlerContext.invokeChannelRead(AbstractChannelHandlerContext.java:348)
		at org.neo4j.driver.internal.shaded.io.netty.channel.AbstractChannelHandlerContext.fireChannelRead(AbstractChannelHandlerContext.java:340)
		at org.neo4j.driver.internal.shaded.io.netty.handler.codec.ByteToMessageDecoder.fireChannelRead(ByteToMessageDecoder.java:310)
		at org.neo4j.driver.internal.shaded.io.netty.handler.codec.ByteToMessageDecoder.channelRead(ByteToMessageDecoder.java:284)
		at org.neo4j.driver.internal.shaded.io.netty.channel.AbstractChannelHandlerContext.invokeChannelRead(AbstractChannelHandlerContext.java:362)
		at org.neo4j.driver.internal.shaded.io.netty.channel.AbstractChannelHandlerContext.invokeChannelRead(AbstractChannelHandlerContext.java:348)
		at org.neo4j.driver.internal.shaded.io.netty.channel.AbstractChannelHandlerContext.fireChannelRead(AbstractChannelHandlerContext.java:340)
		at org.neo4j.driver.internal.shaded.io.netty.handler.ssl.SslHandler.unwrap(SslHandler.java:1389)
		at org.neo4j.driver.internal.shaded.io.netty.handler.ssl.SslHandler.decodeJdkCompatible(SslHandler.java:1159)
		at org.neo4j.driver.internal.shaded.io.netty.handler.ssl.SslHandler.decode(SslHandler.java:1203)
		at org.neo4j.driver.internal.shaded.io.netty.handler.codec.ByteToMessageDecoder.decodeRemovalReentryProtection(ByteToMessageDecoder.java:489)
		at org.neo4j.driver.internal.shaded.io.netty.handler.codec.ByteToMessageDecoder.callDecode(ByteToMessageDecoder.java:428)
		at org.neo4j.driver.internal.shaded.io.netty.handler.codec.ByteToMessageDecoder.channelRead(ByteToMessageDecoder.java:265)
		at org.neo4j.driver.internal.shaded.io.netty.channel.AbstractChannelHandlerContext.invokeChannelRead(AbstractChannelHandlerContext.java:362)
		at org.neo4j.driver.internal.shaded.io.netty.channel.AbstractChannelHandlerContext.invokeChannelRead(AbstractChannelHandlerContext.java:348)
		at org.neo4j.driver.internal.shaded.io.netty.channel.AbstractChannelHandlerContext.fireChannelRead(AbstractChannelHandlerContext.java:340)
		at org.neo4j.driver.internal.shaded.io.netty.channel.DefaultChannelPipeline$HeadContext.channelRead(DefaultChannelPipeline.java:1414)
		at org.neo4j.driver.internal.shaded.io.netty.channel.AbstractChannelHandlerContext.invokeChannelRead(AbstractChannelHandlerContext.java:362)
		at org.neo4j.driver.internal.shaded.io.netty.channel.AbstractChannelHandlerContext.invokeChannelRead(AbstractChannelHandlerContext.java:348)
		at org.neo4j.driver.internal.shaded.io.netty.channel.DefaultChannelPipeline.fireChannelRead(DefaultChannelPipeline.java:945)
		at org.neo4j.driver.internal.shaded.io.netty.channel.nio.AbstractNioByteChannel$NioByteUnsafe.read(AbstractNioByteChannel.java:146)
		at org.neo4j.driver.internal.shaded.io.netty.channel.nio.NioEventLoop.processSelectedKey(NioEventLoop.java:645)
		at org.neo4j.driver.internal.shaded.io.netty.channel.nio.NioEventLoop.processSelectedKeysOptimized(NioEventLoop.java:580)
		at org.neo4j.driver.internal.shaded.io.netty.channel.nio.NioEventLoop.processSelectedKeys(NioEventLoop.java:497)
		at org.neo4j.driver.internal.shaded.io.netty.channel.nio.NioEventLoop.run(NioEventLoop.java:459)
		at org.neo4j.driver.internal.shaded.io.netty.util.concurrent.SingleThreadEventExecutor$5.run(SingleThreadEventExecutor.java:886)
		at org.neo4j.driver.internal.shaded.io.netty.util.concurrent.FastThreadLocalRunnable.run(FastThreadLocalRunnable.java:30)
		at java.lang.Thread.run(Thread.java:748)
	Suppressed: org.neo4j.driver.internal.util.ErrorUtil$InternalExceptionCause: null
		at org.neo4j.driver.internal.util.ErrorUtil.newNeo4jError(ErrorUtil.java:67)
		at org.neo4j.driver.internal.async.inbound.InboundMessageDispatcher.handleFailureMessage(InboundMessageDispatcher.java:104)
		at org.neo4j.driver.internal.messaging.v1.MessageReaderV1.unpackFailureMessage(MessageReaderV1.java:83)
		at org.neo4j.driver.internal.messaging.v1.MessageReaderV1.read(MessageReaderV1.java:59)
		at org.neo4j.driver.internal.async.inbound.InboundMessageHandler.channelRead0(InboundMessageHandler.java:83)
		at org.neo4j.driver.internal.async.inbound.InboundMessageHandler.channelRead0(InboundMessageHandler.java:35)
		at org.neo4j.driver.internal.shaded.io.netty.channel.SimpleChannelInboundHandler.channelRead(SimpleChannelInboundHandler.java:105)
		at org.neo4j.driver.internal.shaded.io.netty.channel.AbstractChannelHandlerContext.invokeChannelRead(AbstractChannelHandlerContext.java:362)
		at org.neo4j.driver.internal.shaded.io.netty.channel.AbstractChannelHandlerContext.invokeChannelRead(AbstractChannelHandlerContext.java:348)
		at org.neo4j.driver.internal.shaded.io.netty.channel.AbstractChannelHandlerContext.fireChannelRead(AbstractChannelHandlerContext.java:340)
		at org.neo4j.driver.internal.shaded.io.netty.handler.codec.ByteToMessageDecoder.fireChannelRead(ByteToMessageDecoder.java:310)
		at org.neo4j.driver.internal.shaded.io.netty.handler.codec.ByteToMessageDecoder.channelRead(ByteToMessageDecoder.java:284)
		at org.neo4j.driver.internal.async.inbound.MessageDecoder.channelRead(MessageDecoder.java:47)
		at org.neo4j.driver.internal.shaded.io.netty.channel.AbstractChannelHandlerContext.invokeChannelRead(AbstractChannelHandlerContext.java:362)
		at org.neo4j.driver.internal.shaded.io.netty.channel.AbstractChannelHandlerContext.invokeChannelRead(AbstractChannelHandlerContext.java:348)
		at org.neo4j.driver.internal.shaded.io.netty.channel.AbstractChannelHandlerContext.fireChannelRead(AbstractChannelHandlerContext.java:340)
		at org.neo4j.driver.internal.shaded.io.netty.handler.codec.ByteToMessageDecoder.fireChannelRead(ByteToMessageDecoder.java:310)
		at org.neo4j.driver.internal.shaded.io.netty.handler.codec.ByteToMessageDecoder.fireChannelRead(ByteToMessageDecoder.java:297)
		at org.neo4j.driver.internal.shaded.io.netty.handler.codec.ByteToMessageDecoder.callDecode(ByteToMessageDecoder.java:413)
		at org.neo4j.driver.internal.shaded.io.netty.handler.codec.ByteToMessageDecoder.channelRead(ByteToMessageDecoder.java:265)
		at org.neo4j.driver.internal.shaded.io.netty.channel.AbstractChannelHandlerContext.invokeChannelRead(AbstractChannelHandlerContext.java:362)
		at org.neo4j.driver.internal.shaded.io.netty.channel.AbstractChannelHandlerContext.invokeChannelRead(AbstractChannelHandlerContext.java:348)
		at org.neo4j.driver.internal.shaded.io.netty.channel.AbstractChannelHandlerContext.fireChannelRead(AbstractChannelHandlerContext.java:340)
		at org.neo4j.driver.internal.shaded.io.netty.handler.ssl.SslHandler.unwrap(SslHandler.java:1389)
		at org.neo4j.driver.internal.shaded.io.netty.handler.ssl.SslHandler.decodeJdkCompatible(SslHandler.java:1159)
		at org.neo4j.driver.internal.shaded.io.netty.handler.ssl.SslHandler.decode(SslHandler.java:1203)
		at org.neo4j.driver.internal.shaded.io.netty.handler.codec.ByteToMessageDecoder.decodeRemovalReentryProtection(ByteToMessageDecoder.java:489)
		at org.neo4j.driver.internal.shaded.io.netty.handler.codec.ByteToMessageDecoder.callDecode(ByteToMessageDecoder.java:428)
		at org.neo4j.driver.internal.shaded.io.netty.handler.codec.ByteToMessageDecoder.channelRead(ByteToMessageDecoder.java:265)
		at org.neo4j.driver.internal.shaded.io.netty.channel.AbstractChannelHandlerContext.invokeChannelRead(AbstractChannelHandlerContext.java:362)
		at org.neo4j.driver.internal.shaded.io.netty.channel.AbstractChannelHandlerContext.invokeChannelRead(AbstractChannelHandlerContext.java:348)
		at org.neo4j.driver.internal.shaded.io.netty.channel.AbstractChannelHandlerContext.fireChannelRead(AbstractChannelHandlerContext.java:340)
		at org.neo4j.driver.internal.shaded.io.netty.channel.DefaultChannelPipeline$HeadContext.channelRead(DefaultChannelPipeline.java:1414)
		at org.neo4j.driver.internal.shaded.io.netty.channel.AbstractChannelHandlerContext.invokeChannelRead(AbstractChannelHandlerContext.java:362)
		at org.neo4j.driver.internal.shaded.io.netty.channel.AbstractChannelHandlerContext.invokeChannelRead(AbstractChannelHandlerContext.java:348)
		at org.neo4j.driver.internal.shaded.io.netty.channel.DefaultChannelPipeline.fireChannelRead(DefaultChannelPipeline.java:945)
		at org.neo4j.driver.internal.shaded.io.netty.channel.nio.AbstractNioByteChannel$NioByteUnsafe.read(AbstractNioByteChannel.java:146)
		at org.neo4j.driver.internal.shaded.io.netty.channel.nio.NioEventLoop.processSelectedKey(NioEventLoop.java:645)
		at org.neo4j.driver.internal.shaded.io.netty.channel.nio.NioEventLoop.processSelectedKeysOptimized(NioEventLoop.java:580)
		at org.neo4j.driver.internal.shaded.io.netty.channel.nio.NioEventLoop.processSelectedKeys(NioEventLoop.java:497)
		at org.neo4j.driver.internal.shaded.io.netty.channel.nio.NioEventLoop.run(NioEventLoop.java:459)
		at org.neo4j.driver.internal.shaded.io.netty.util.concurrent.SingleThreadEventExecutor$5.run(SingleThreadEventExecutor.java:886)
		at org.neo4j.driver.internal.shaded.io.netty.util.concurrent.FastThreadLocalRunnable.run(FastThreadLocalRunnable.java:30)
		at java.lang.Thread.run(Thread.java:748)
2019-10-01 19:11:16 - error while executing neo4j statement
org.neo4j.driver.v1.exceptions.ClientException: Query cannot conclude with MATCH (must be RETURN or an update clause) (line 1, column 1 (offset: 0))
"match (parent:GraphNode{_id: '0', projectId: '10'}) <-[r:linked]- (child:GraphNode{_id: '2023644903', projectId: '10'});"
 ^
	at org.neo4j.driver.internal.util.Futures.blockingGet(Futures.java:122)
	at org.neo4j.driver.internal.ExplicitTransaction.close(ExplicitTransaction.java:117)
	at org.neo4j.driver.internal.NetworkSession.lambda$transaction$10(NetworkSession.java:332)
	at org.neo4j.driver.internal.retry.ExponentialBackoffRetryLogic.retry(ExponentialBackoffRetryLogic.java:93)
	at org.neo4j.driver.internal.NetworkSession.transaction(NetworkSession.java:315)
	at org.neo4j.driver.internal.NetworkSession.writeTransaction(NetworkSession.java:235)
	at org.neo4j.driver.internal.NetworkSession.writeTransaction(NetworkSession.java:229)
	at com.arafeh.jsf.service.Neo4jExecutorService.execute(Neo4jExecutorService.java:57)
	at com.arafeh.jsf.bll.RelationNodeBll.saveNeo4j(RelationNodeBll.java:71)
	at com.arafeh.jsf.bll.RelationNodeBll.saveNodeNeo4j(RelationNodeBll.java:81)
	at com.arafeh.jsf.dal.RelationNodeTest.testSaveNeo(RelationNodeTest.java:99)
	at sun.reflect.NativeMethodAccessorImpl.invoke0(Native Method)
	at sun.reflect.NativeMethodAccessorImpl.invoke(NativeMethodAccessorImpl.java:62)
	at sun.reflect.DelegatingMethodAccessorImpl.invoke(DelegatingMethodAccessorImpl.java:43)
	at java.lang.reflect.Method.invoke(Method.java:498)
	at org.junit.runners.model.FrameworkMethod$1.runReflectiveCall(FrameworkMethod.java:50)
	at org.junit.internal.runners.model.ReflectiveCallable.run(ReflectiveCallable.java:12)
	at org.junit.runners.model.FrameworkMethod.invokeExplosively(FrameworkMethod.java:47)
	at org.junit.internal.runners.statements.InvokeMethod.evaluate(InvokeMethod.java:17)
	at org.junit.runners.ParentRunner.runLeaf(ParentRunner.java:325)
	at org.junit.runners.BlockJUnit4ClassRunner.runChild(BlockJUnit4ClassRunner.java:78)
	at org.junit.runners.BlockJUnit4ClassRunner.runChild(BlockJUnit4ClassRunner.java:57)
	at org.junit.runners.ParentRunner$3.run(ParentRunner.java:290)
	at org.junit.runners.ParentRunner$1.schedule(ParentRunner.java:71)
	at org.junit.runners.ParentRunner.runChildren(ParentRunner.java:288)
	at org.junit.runners.ParentRunner.access$000(ParentRunner.java:58)
	at org.junit.runners.ParentRunner$2.evaluate(ParentRunner.java:268)
	at org.junit.runners.ParentRunner.run(ParentRunner.java:363)
	at org.junit.runner.JUnitCore.run(JUnitCore.java:137)
	at com.intellij.junit4.JUnit4IdeaTestRunner.startRunnerWithArgs(JUnit4IdeaTestRunner.java:68)
	at com.intellij.rt.execution.junit.IdeaTestRunner$Repeater.startRunnerWithArgs(IdeaTestRunner.java:47)
	at com.intellij.rt.execution.junit.JUnitStarter.prepareStreamsAndStart(JUnitStarter.java:242)
	at com.intellij.rt.execution.junit.JUnitStarter.main(JUnitStarter.java:70)
	Suppressed: org.neo4j.driver.v1.exceptions.ClientException: Transaction can't be committed. It has been rolled back either because of an error or explicit termination
		at org.neo4j.driver.internal.ExplicitTransaction.doCommitAsync(ExplicitTransaction.java:235)
		at org.neo4j.driver.internal.ExplicitTransaction.lambda$commitAsync$2(ExplicitTransaction.java:151)
		at java.util.concurrent.CompletableFuture.uniCompose(CompletableFuture.java:952)
		at java.util.concurrent.CompletableFuture$UniCompose.tryFire(CompletableFuture.java:926)
		at java.util.concurrent.CompletableFuture.postComplete(CompletableFuture.java:474)
		at java.util.concurrent.CompletableFuture.complete(CompletableFuture.java:1962)
		at org.neo4j.driver.internal.handlers.PullAllResponseHandler.completeFailureFuture(PullAllResponseHandler.java:326)
		at org.neo4j.driver.internal.handlers.PullAllResponseHandler.onFailure(PullAllResponseHandler.java:109)
		at org.neo4j.driver.internal.async.inbound.InboundMessageDispatcher.handleIgnoredMessage(InboundMessageDispatcher.java:141)
		at org.neo4j.driver.internal.messaging.v1.MessageReaderV1.unpackIgnoredMessage(MessageReaderV1.java:88)
		at org.neo4j.driver.internal.messaging.v1.MessageReaderV1.read(MessageReaderV1.java:62)
		at org.neo4j.driver.internal.async.inbound.InboundMessageHandler.channelRead0(InboundMessageHandler.java:83)
		at org.neo4j.driver.internal.async.inbound.InboundMessageHandler.channelRead0(InboundMessageHandler.java:35)
		at org.neo4j.driver.internal.shaded.io.netty.channel.SimpleChannelInboundHandler.channelRead(SimpleChannelInboundHandler.java:105)
		at org.neo4j.driver.internal.shaded.io.netty.channel.AbstractChannelHandlerContext.invokeChannelRead(AbstractChannelHandlerContext.java:362)
		at org.neo4j.driver.internal.shaded.io.netty.channel.AbstractChannelHandlerContext.invokeChannelRead(AbstractChannelHandlerContext.java:348)
		at org.neo4j.driver.internal.shaded.io.netty.channel.AbstractChannelHandlerContext.fireChannelRead(AbstractChannelHandlerContext.java:340)
		at org.neo4j.driver.internal.shaded.io.netty.handler.codec.ByteToMessageDecoder.fireChannelRead(ByteToMessageDecoder.java:310)
		at org.neo4j.driver.internal.shaded.io.netty.handler.codec.ByteToMessageDecoder.channelRead(ByteToMessageDecoder.java:284)
		at org.neo4j.driver.internal.async.inbound.MessageDecoder.channelRead(MessageDecoder.java:47)
		at org.neo4j.driver.internal.shaded.io.netty.channel.AbstractChannelHandlerContext.invokeChannelRead(AbstractChannelHandlerContext.java:362)
		at org.neo4j.driver.internal.shaded.io.netty.channel.AbstractChannelHandlerContext.invokeChannelRead(AbstractChannelHandlerContext.java:348)
		at org.neo4j.driver.internal.shaded.io.netty.channel.AbstractChannelHandlerContext.fireChannelRead(AbstractChannelHandlerContext.java:340)
		at org.neo4j.driver.internal.shaded.io.netty.handler.codec.ByteToMessageDecoder.fireChannelRead(ByteToMessageDecoder.java:310)
		at org.neo4j.driver.internal.shaded.io.netty.handler.codec.ByteToMessageDecoder.channelRead(ByteToMessageDecoder.java:284)
		at org.neo4j.driver.internal.shaded.io.netty.channel.AbstractChannelHandlerContext.invokeChannelRead(AbstractChannelHandlerContext.java:362)
		at org.neo4j.driver.internal.shaded.io.netty.channel.AbstractChannelHandlerContext.invokeChannelRead(AbstractChannelHandlerContext.java:348)
		at org.neo4j.driver.internal.shaded.io.netty.channel.AbstractChannelHandlerContext.fireChannelRead(AbstractChannelHandlerContext.java:340)
		at org.neo4j.driver.internal.shaded.io.netty.handler.ssl.SslHandler.unwrap(SslHandler.java:1389)
		at org.neo4j.driver.internal.shaded.io.netty.handler.ssl.SslHandler.decodeJdkCompatible(SslHandler.java:1159)
		at org.neo4j.driver.internal.shaded.io.netty.handler.ssl.SslHandler.decode(SslHandler.java:1203)
		at org.neo4j.driver.internal.shaded.io.netty.handler.codec.ByteToMessageDecoder.decodeRemovalReentryProtection(ByteToMessageDecoder.java:489)
		at org.neo4j.driver.internal.shaded.io.netty.handler.codec.ByteToMessageDecoder.callDecode(ByteToMessageDecoder.java:428)
		at org.neo4j.driver.internal.shaded.io.netty.handler.codec.ByteToMessageDecoder.channelRead(ByteToMessageDecoder.java:265)
		at org.neo4j.driver.internal.shaded.io.netty.channel.AbstractChannelHandlerContext.invokeChannelRead(AbstractChannelHandlerContext.java:362)
		at org.neo4j.driver.internal.shaded.io.netty.channel.AbstractChannelHandlerContext.invokeChannelRead(AbstractChannelHandlerContext.java:348)
		at org.neo4j.driver.internal.shaded.io.netty.channel.AbstractChannelHandlerContext.fireChannelRead(AbstractChannelHandlerContext.java:340)
		at org.neo4j.driver.internal.shaded.io.netty.channel.DefaultChannelPipeline$HeadContext.channelRead(DefaultChannelPipeline.java:1414)
		at org.neo4j.driver.internal.shaded.io.netty.channel.AbstractChannelHandlerContext.invokeChannelRead(AbstractChannelHandlerContext.java:362)
		at org.neo4j.driver.internal.shaded.io.netty.channel.AbstractChannelHandlerContext.invokeChannelRead(AbstractChannelHandlerContext.java:348)
		at org.neo4j.driver.internal.shaded.io.netty.channel.DefaultChannelPipeline.fireChannelRead(DefaultChannelPipeline.java:945)
		at org.neo4j.driver.internal.shaded.io.netty.channel.nio.AbstractNioByteChannel$NioByteUnsafe.read(AbstractNioByteChannel.java:146)
		at org.neo4j.driver.internal.shaded.io.netty.channel.nio.NioEventLoop.processSelectedKey(NioEventLoop.java:645)
		at org.neo4j.driver.internal.shaded.io.netty.channel.nio.NioEventLoop.processSelectedKeysOptimized(NioEventLoop.java:580)
		at org.neo4j.driver.internal.shaded.io.netty.channel.nio.NioEventLoop.processSelectedKeys(NioEventLoop.java:497)
		at org.neo4j.driver.internal.shaded.io.netty.channel.nio.NioEventLoop.run(NioEventLoop.java:459)
		at org.neo4j.driver.internal.shaded.io.netty.util.concurrent.SingleThreadEventExecutor$5.run(SingleThreadEventExecutor.java:886)
		at org.neo4j.driver.internal.shaded.io.netty.util.concurrent.FastThreadLocalRunnable.run(FastThreadLocalRunnable.java:30)
		at java.lang.Thread.run(Thread.java:748)
	Suppressed: org.neo4j.driver.internal.util.ErrorUtil$InternalExceptionCause: null
		at org.neo4j.driver.internal.util.ErrorUtil.newNeo4jError(ErrorUtil.java:67)
		at org.neo4j.driver.internal.async.inbound.InboundMessageDispatcher.handleFailureMessage(InboundMessageDispatcher.java:104)
		at org.neo4j.driver.internal.messaging.v1.MessageReaderV1.unpackFailureMessage(MessageReaderV1.java:83)
		at org.neo4j.driver.internal.messaging.v1.MessageReaderV1.read(MessageReaderV1.java:59)
		at org.neo4j.driver.internal.async.inbound.InboundMessageHandler.channelRead0(InboundMessageHandler.java:83)
		at org.neo4j.driver.internal.async.inbound.InboundMessageHandler.channelRead0(InboundMessageHandler.java:35)
		at org.neo4j.driver.internal.shaded.io.netty.channel.SimpleChannelInboundHandler.channelRead(SimpleChannelInboundHandler.java:105)
		at org.neo4j.driver.internal.shaded.io.netty.channel.AbstractChannelHandlerContext.invokeChannelRead(AbstractChannelHandlerContext.java:362)
		at org.neo4j.driver.internal.shaded.io.netty.channel.AbstractChannelHandlerContext.invokeChannelRead(AbstractChannelHandlerContext.java:348)
		at org.neo4j.driver.internal.shaded.io.netty.channel.AbstractChannelHandlerContext.fireChannelRead(AbstractChannelHandlerContext.java:340)
		at org.neo4j.driver.internal.shaded.io.netty.handler.codec.ByteToMessageDecoder.fireChannelRead(ByteToMessageDecoder.java:310)
		at org.neo4j.driver.internal.shaded.io.netty.handler.codec.ByteToMessageDecoder.channelRead(ByteToMessageDecoder.java:284)
		at org.neo4j.driver.internal.async.inbound.MessageDecoder.channelRead(MessageDecoder.java:47)
		at org.neo4j.driver.internal.shaded.io.netty.channel.AbstractChannelHandlerContext.invokeChannelRead(AbstractChannelHandlerContext.java:362)
		at org.neo4j.driver.internal.shaded.io.netty.channel.AbstractChannelHandlerContext.invokeChannelRead(AbstractChannelHandlerContext.java:348)
		at org.neo4j.driver.internal.shaded.io.netty.channel.AbstractChannelHandlerContext.fireChannelRead(AbstractChannelHandlerContext.java:340)
		at org.neo4j.driver.internal.shaded.io.netty.handler.codec.ByteToMessageDecoder.fireChannelRead(ByteToMessageDecoder.java:310)
		at org.neo4j.driver.internal.shaded.io.netty.handler.codec.ByteToMessageDecoder.fireChannelRead(ByteToMessageDecoder.java:297)
		at org.neo4j.driver.internal.shaded.io.netty.handler.codec.ByteToMessageDecoder.callDecode(ByteToMessageDecoder.java:413)
		at org.neo4j.driver.internal.shaded.io.netty.handler.codec.ByteToMessageDecoder.channelRead(ByteToMessageDecoder.java:265)
		at org.neo4j.driver.internal.shaded.io.netty.channel.AbstractChannelHandlerContext.invokeChannelRead(AbstractChannelHandlerContext.java:362)
		at org.neo4j.driver.internal.shaded.io.netty.channel.AbstractChannelHandlerContext.invokeChannelRead(AbstractChannelHandlerContext.java:348)
		at org.neo4j.driver.internal.shaded.io.netty.channel.AbstractChannelHandlerContext.fireChannelRead(AbstractChannelHandlerContext.java:340)
		at org.neo4j.driver.internal.shaded.io.netty.handler.ssl.SslHandler.unwrap(SslHandler.java:1389)
		at org.neo4j.driver.internal.shaded.io.netty.handler.ssl.SslHandler.decodeJdkCompatible(SslHandler.java:1159)
		at org.neo4j.driver.internal.shaded.io.netty.handler.ssl.SslHandler.decode(SslHandler.java:1203)
		at org.neo4j.driver.internal.shaded.io.netty.handler.codec.ByteToMessageDecoder.decodeRemovalReentryProtection(ByteToMessageDecoder.java:489)
		at org.neo4j.driver.internal.shaded.io.netty.handler.codec.ByteToMessageDecoder.callDecode(ByteToMessageDecoder.java:428)
		at org.neo4j.driver.internal.shaded.io.netty.handler.codec.ByteToMessageDecoder.channelRead(ByteToMessageDecoder.java:265)
		at org.neo4j.driver.internal.shaded.io.netty.channel.AbstractChannelHandlerContext.invokeChannelRead(AbstractChannelHandlerContext.java:362)
		at org.neo4j.driver.internal.shaded.io.netty.channel.AbstractChannelHandlerContext.invokeChannelRead(AbstractChannelHandlerContext.java:348)
		at org.neo4j.driver.internal.shaded.io.netty.channel.AbstractChannelHandlerContext.fireChannelRead(AbstractChannelHandlerContext.java:340)
		at org.neo4j.driver.internal.shaded.io.netty.channel.DefaultChannelPipeline$HeadContext.channelRead(DefaultChannelPipeline.java:1414)
		at org.neo4j.driver.internal.shaded.io.netty.channel.AbstractChannelHandlerContext.invokeChannelRead(AbstractChannelHandlerContext.java:362)
		at org.neo4j.driver.internal.shaded.io.netty.channel.AbstractChannelHandlerContext.invokeChannelRead(AbstractChannelHandlerContext.java:348)
		at org.neo4j.driver.internal.shaded.io.netty.channel.DefaultChannelPipeline.fireChannelRead(DefaultChannelPipeline.java:945)
		at org.neo4j.driver.internal.shaded.io.netty.channel.nio.AbstractNioByteChannel$NioByteUnsafe.read(AbstractNioByteChannel.java:146)
		at org.neo4j.driver.internal.shaded.io.netty.channel.nio.NioEventLoop.processSelectedKey(NioEventLoop.java:645)
		at org.neo4j.driver.internal.shaded.io.netty.channel.nio.NioEventLoop.processSelectedKeysOptimized(NioEventLoop.java:580)
		at org.neo4j.driver.internal.shaded.io.netty.channel.nio.NioEventLoop.processSelectedKeys(NioEventLoop.java:497)
		at org.neo4j.driver.internal.shaded.io.netty.channel.nio.NioEventLoop.run(NioEventLoop.java:459)
		at org.neo4j.driver.internal.shaded.io.netty.util.concurrent.SingleThreadEventExecutor$5.run(SingleThreadEventExecutor.java:886)
		at org.neo4j.driver.internal.shaded.io.netty.util.concurrent.FastThreadLocalRunnable.run(FastThreadLocalRunnable.java:30)
		at java.lang.Thread.run(Thread.java:748)
2019-10-01 19:11:16 - error while executing neo4j statement
org.neo4j.driver.v1.exceptions.ClientException: Query cannot conclude with MATCH (must be RETURN or an update clause) (line 1, column 1 (offset: 0))
"match (parent:GraphNode{_id: '2023644903', projectId: '10'}) <-[r:linked]- (child:GraphNode{_id: '320450666', projectId: '10'});"
 ^
	at org.neo4j.driver.internal.util.Futures.blockingGet(Futures.java:122)
	at org.neo4j.driver.internal.ExplicitTransaction.close(ExplicitTransaction.java:117)
	at org.neo4j.driver.internal.NetworkSession.lambda$transaction$10(NetworkSession.java:332)
	at org.neo4j.driver.internal.retry.ExponentialBackoffRetryLogic.retry(ExponentialBackoffRetryLogic.java:93)
	at org.neo4j.driver.internal.NetworkSession.transaction(NetworkSession.java:315)
	at org.neo4j.driver.internal.NetworkSession.writeTransaction(NetworkSession.java:235)
	at org.neo4j.driver.internal.NetworkSession.writeTransaction(NetworkSession.java:229)
	at com.arafeh.jsf.service.Neo4jExecutorService.execute(Neo4jExecutorService.java:57)
	at com.arafeh.jsf.bll.RelationNodeBll.saveNeo4j(RelationNodeBll.java:71)
	at com.arafeh.jsf.bll.RelationNodeBll.saveNeo4j(RelationNodeBll.java:76)
	at com.arafeh.jsf.bll.RelationNodeBll.saveNodeNeo4j(RelationNodeBll.java:82)
	at com.arafeh.jsf.dal.RelationNodeTest.testSaveNeo(RelationNodeTest.java:99)
	at sun.reflect.NativeMethodAccessorImpl.invoke0(Native Method)
	at sun.reflect.NativeMethodAccessorImpl.invoke(NativeMethodAccessorImpl.java:62)
	at sun.reflect.DelegatingMethodAccessorImpl.invoke(DelegatingMethodAccessorImpl.java:43)
	at java.lang.reflect.Method.invoke(Method.java:498)
	at org.junit.runners.model.FrameworkMethod$1.runReflectiveCall(FrameworkMethod.java:50)
	at org.junit.internal.runners.model.ReflectiveCallable.run(ReflectiveCallable.java:12)
	at org.junit.runners.model.FrameworkMethod.invokeExplosively(FrameworkMethod.java:47)
	at org.junit.internal.runners.statements.InvokeMethod.evaluate(InvokeMethod.java:17)
	at org.junit.runners.ParentRunner.runLeaf(ParentRunner.java:325)
	at org.junit.runners.BlockJUnit4ClassRunner.runChild(BlockJUnit4ClassRunner.java:78)
	at org.junit.runners.BlockJUnit4ClassRunner.runChild(BlockJUnit4ClassRunner.java:57)
	at org.junit.runners.ParentRunner$3.run(ParentRunner.java:290)
	at org.junit.runners.ParentRunner$1.schedule(ParentRunner.java:71)
	at org.junit.runners.ParentRunner.runChildren(ParentRunner.java:288)
	at org.junit.runners.ParentRunner.access$000(ParentRunner.java:58)
	at org.junit.runners.ParentRunner$2.evaluate(ParentRunner.java:268)
	at org.junit.runners.ParentRunner.run(ParentRunner.java:363)
	at org.junit.runner.JUnitCore.run(JUnitCore.java:137)
	at com.intellij.junit4.JUnit4IdeaTestRunner.startRunnerWithArgs(JUnit4IdeaTestRunner.java:68)
	at com.intellij.rt.execution.junit.IdeaTestRunner$Repeater.startRunnerWithArgs(IdeaTestRunner.java:47)
	at com.intellij.rt.execution.junit.JUnitStarter.prepareStreamsAndStart(JUnitStarter.java:242)
	at com.intellij.rt.execution.junit.JUnitStarter.main(JUnitStarter.java:70)
	Suppressed: org.neo4j.driver.v1.exceptions.ClientException: Transaction can't be committed. It has been rolled back either because of an error or explicit termination
		at org.neo4j.driver.internal.ExplicitTransaction.doCommitAsync(ExplicitTransaction.java:235)
		at org.neo4j.driver.internal.ExplicitTransaction.lambda$commitAsync$2(ExplicitTransaction.java:151)
		at java.util.concurrent.CompletableFuture.uniCompose(CompletableFuture.java:952)
		at java.util.concurrent.CompletableFuture$UniCompose.tryFire(CompletableFuture.java:926)
		at java.util.concurrent.CompletableFuture.postComplete(CompletableFuture.java:474)
		at java.util.concurrent.CompletableFuture.complete(CompletableFuture.java:1962)
		at org.neo4j.driver.internal.handlers.PullAllResponseHandler.completeFailureFuture(PullAllResponseHandler.java:326)
		at org.neo4j.driver.internal.handlers.PullAllResponseHandler.onFailure(PullAllResponseHandler.java:109)
		at org.neo4j.driver.internal.async.inbound.InboundMessageDispatcher.handleIgnoredMessage(InboundMessageDispatcher.java:141)
		at org.neo4j.driver.internal.messaging.v1.MessageReaderV1.unpackIgnoredMessage(MessageReaderV1.java:88)
		at org.neo4j.driver.internal.messaging.v1.MessageReaderV1.read(MessageReaderV1.java:62)
		at org.neo4j.driver.internal.async.inbound.InboundMessageHandler.channelRead0(InboundMessageHandler.java:83)
		at org.neo4j.driver.internal.async.inbound.InboundMessageHandler.channelRead0(InboundMessageHandler.java:35)
		at org.neo4j.driver.internal.shaded.io.netty.channel.SimpleChannelInboundHandler.channelRead(SimpleChannelInboundHandler.java:105)
		at org.neo4j.driver.internal.shaded.io.netty.channel.AbstractChannelHandlerContext.invokeChannelRead(AbstractChannelHandlerContext.java:362)
		at org.neo4j.driver.internal.shaded.io.netty.channel.AbstractChannelHandlerContext.invokeChannelRead(AbstractChannelHandlerContext.java:348)
		at org.neo4j.driver.internal.shaded.io.netty.channel.AbstractChannelHandlerContext.fireChannelRead(AbstractChannelHandlerContext.java:340)
		at org.neo4j.driver.internal.shaded.io.netty.handler.codec.ByteToMessageDecoder.fireChannelRead(ByteToMessageDecoder.java:310)
		at org.neo4j.driver.internal.shaded.io.netty.handler.codec.ByteToMessageDecoder.channelRead(ByteToMessageDecoder.java:284)
		at org.neo4j.driver.internal.async.inbound.MessageDecoder.channelRead(MessageDecoder.java:47)
		at org.neo4j.driver.internal.shaded.io.netty.channel.AbstractChannelHandlerContext.invokeChannelRead(AbstractChannelHandlerContext.java:362)
		at org.neo4j.driver.internal.shaded.io.netty.channel.AbstractChannelHandlerContext.invokeChannelRead(AbstractChannelHandlerContext.java:348)
		at org.neo4j.driver.internal.shaded.io.netty.channel.AbstractChannelHandlerContext.fireChannelRead(AbstractChannelHandlerContext.java:340)
		at org.neo4j.driver.internal.shaded.io.netty.handler.codec.ByteToMessageDecoder.fireChannelRead(ByteToMessageDecoder.java:310)
		at org.neo4j.driver.internal.shaded.io.netty.handler.codec.ByteToMessageDecoder.channelRead(ByteToMessageDecoder.java:284)
		at org.neo4j.driver.internal.shaded.io.netty.channel.AbstractChannelHandlerContext.invokeChannelRead(AbstractChannelHandlerContext.java:362)
		at org.neo4j.driver.internal.shaded.io.netty.channel.AbstractChannelHandlerContext.invokeChannelRead(AbstractChannelHandlerContext.java:348)
		at org.neo4j.driver.internal.shaded.io.netty.channel.AbstractChannelHandlerContext.fireChannelRead(AbstractChannelHandlerContext.java:340)
		at org.neo4j.driver.internal.shaded.io.netty.handler.ssl.SslHandler.unwrap(SslHandler.java:1389)
		at org.neo4j.driver.internal.shaded.io.netty.handler.ssl.SslHandler.decodeJdkCompatible(SslHandler.java:1159)
		at org.neo4j.driver.internal.shaded.io.netty.handler.ssl.SslHandler.decode(SslHandler.java:1203)
		at org.neo4j.driver.internal.shaded.io.netty.handler.codec.ByteToMessageDecoder.decodeRemovalReentryProtection(ByteToMessageDecoder.java:489)
		at org.neo4j.driver.internal.shaded.io.netty.handler.codec.ByteToMessageDecoder.callDecode(ByteToMessageDecoder.java:428)
		at org.neo4j.driver.internal.shaded.io.netty.handler.codec.ByteToMessageDecoder.channelRead(ByteToMessageDecoder.java:265)
		at org.neo4j.driver.internal.shaded.io.netty.channel.AbstractChannelHandlerContext.invokeChannelRead(AbstractChannelHandlerContext.java:362)
		at org.neo4j.driver.internal.shaded.io.netty.channel.AbstractChannelHandlerContext.invokeChannelRead(AbstractChannelHandlerContext.java:348)
		at org.neo4j.driver.internal.shaded.io.netty.channel.AbstractChannelHandlerContext.fireChannelRead(AbstractChannelHandlerContext.java:340)
		at org.neo4j.driver.internal.shaded.io.netty.channel.DefaultChannelPipeline$HeadContext.channelRead(DefaultChannelPipeline.java:1414)
		at org.neo4j.driver.internal.shaded.io.netty.channel.AbstractChannelHandlerContext.invokeChannelRead(AbstractChannelHandlerContext.java:362)
		at org.neo4j.driver.internal.shaded.io.netty.channel.AbstractChannelHandlerContext.invokeChannelRead(AbstractChannelHandlerContext.java:348)
		at org.neo4j.driver.internal.shaded.io.netty.channel.DefaultChannelPipeline.fireChannelRead(DefaultChannelPipeline.java:945)
		at org.neo4j.driver.internal.shaded.io.netty.channel.nio.AbstractNioByteChannel$NioByteUnsafe.read(AbstractNioByteChannel.java:146)
		at org.neo4j.driver.internal.shaded.io.netty.channel.nio.NioEventLoop.processSelectedKey(NioEventLoop.java:645)
		at org.neo4j.driver.internal.shaded.io.netty.channel.nio.NioEventLoop.processSelectedKeysOptimized(NioEventLoop.java:580)
		at org.neo4j.driver.internal.shaded.io.netty.channel.nio.NioEventLoop.processSelectedKeys(NioEventLoop.java:497)
		at org.neo4j.driver.internal.shaded.io.netty.channel.nio.NioEventLoop.run(NioEventLoop.java:459)
		at org.neo4j.driver.internal.shaded.io.netty.util.concurrent.SingleThreadEventExecutor$5.run(SingleThreadEventExecutor.java:886)
		at org.neo4j.driver.internal.shaded.io.netty.util.concurrent.FastThreadLocalRunnable.run(FastThreadLocalRunnable.java:30)
		at java.lang.Thread.run(Thread.java:748)
	Suppressed: org.neo4j.driver.internal.util.ErrorUtil$InternalExceptionCause: null
		at org.neo4j.driver.internal.util.ErrorUtil.newNeo4jError(ErrorUtil.java:67)
		at org.neo4j.driver.internal.async.inbound.InboundMessageDispatcher.handleFailureMessage(InboundMessageDispatcher.java:104)
		at org.neo4j.driver.internal.messaging.v1.MessageReaderV1.unpackFailureMessage(MessageReaderV1.java:83)
		at org.neo4j.driver.internal.messaging.v1.MessageReaderV1.read(MessageReaderV1.java:59)
		at org.neo4j.driver.internal.async.inbound.InboundMessageHandler.channelRead0(InboundMessageHandler.java:83)
		at org.neo4j.driver.internal.async.inbound.InboundMessageHandler.channelRead0(InboundMessageHandler.java:35)
		at org.neo4j.driver.internal.shaded.io.netty.channel.SimpleChannelInboundHandler.channelRead(SimpleChannelInboundHandler.java:105)
		at org.neo4j.driver.internal.shaded.io.netty.channel.AbstractChannelHandlerContext.invokeChannelRead(AbstractChannelHandlerContext.java:362)
		at org.neo4j.driver.internal.shaded.io.netty.channel.AbstractChannelHandlerContext.invokeChannelRead(AbstractChannelHandlerContext.java:348)
		at org.neo4j.driver.internal.shaded.io.netty.channel.AbstractChannelHandlerContext.fireChannelRead(AbstractChannelHandlerContext.java:340)
		at org.neo4j.driver.internal.shaded.io.netty.handler.codec.ByteToMessageDecoder.fireChannelRead(ByteToMessageDecoder.java:310)
		at org.neo4j.driver.internal.shaded.io.netty.handler.codec.ByteToMessageDecoder.channelRead(ByteToMessageDecoder.java:284)
		at org.neo4j.driver.internal.async.inbound.MessageDecoder.channelRead(MessageDecoder.java:47)
		at org.neo4j.driver.internal.shaded.io.netty.channel.AbstractChannelHandlerContext.invokeChannelRead(AbstractChannelHandlerContext.java:362)
		at org.neo4j.driver.internal.shaded.io.netty.channel.AbstractChannelHandlerContext.invokeChannelRead(AbstractChannelHandlerContext.java:348)
		at org.neo4j.driver.internal.shaded.io.netty.channel.AbstractChannelHandlerContext.fireChannelRead(AbstractChannelHandlerContext.java:340)
		at org.neo4j.driver.internal.shaded.io.netty.handler.codec.ByteToMessageDecoder.fireChannelRead(ByteToMessageDecoder.java:310)
		at org.neo4j.driver.internal.shaded.io.netty.handler.codec.ByteToMessageDecoder.fireChannelRead(ByteToMessageDecoder.java:297)
		at org.neo4j.driver.internal.shaded.io.netty.handler.codec.ByteToMessageDecoder.callDecode(ByteToMessageDecoder.java:413)
		at org.neo4j.driver.internal.shaded.io.netty.handler.codec.ByteToMessageDecoder.channelRead(ByteToMessageDecoder.java:265)
		at org.neo4j.driver.internal.shaded.io.netty.channel.AbstractChannelHandlerContext.invokeChannelRead(AbstractChannelHandlerContext.java:362)
		at org.neo4j.driver.internal.shaded.io.netty.channel.AbstractChannelHandlerContext.invokeChannelRead(AbstractChannelHandlerContext.java:348)
		at org.neo4j.driver.internal.shaded.io.netty.channel.AbstractChannelHandlerContext.fireChannelRead(AbstractChannelHandlerContext.java:340)
		at org.neo4j.driver.internal.shaded.io.netty.handler.ssl.SslHandler.unwrap(SslHandler.java:1389)
		at org.neo4j.driver.internal.shaded.io.netty.handler.ssl.SslHandler.decodeJdkCompatible(SslHandler.java:1159)
		at org.neo4j.driver.internal.shaded.io.netty.handler.ssl.SslHandler.decode(SslHandler.java:1203)
		at org.neo4j.driver.internal.shaded.io.netty.handler.codec.ByteToMessageDecoder.decodeRemovalReentryProtection(ByteToMessageDecoder.java:489)
		at org.neo4j.driver.internal.shaded.io.netty.handler.codec.ByteToMessageDecoder.callDecode(ByteToMessageDecoder.java:428)
		at org.neo4j.driver.internal.shaded.io.netty.handler.codec.ByteToMessageDecoder.channelRead(ByteToMessageDecoder.java:265)
		at org.neo4j.driver.internal.shaded.io.netty.channel.AbstractChannelHandlerContext.invokeChannelRead(AbstractChannelHandlerContext.java:362)
		at org.neo4j.driver.internal.shaded.io.netty.channel.AbstractChannelHandlerContext.invokeChannelRead(AbstractChannelHandlerContext.java:348)
		at org.neo4j.driver.internal.shaded.io.netty.channel.AbstractChannelHandlerContext.fireChannelRead(AbstractChannelHandlerContext.java:340)
		at org.neo4j.driver.internal.shaded.io.netty.channel.DefaultChannelPipeline$HeadContext.channelRead(DefaultChannelPipeline.java:1414)
		at org.neo4j.driver.internal.shaded.io.netty.channel.AbstractChannelHandlerContext.invokeChannelRead(AbstractChannelHandlerContext.java:362)
		at org.neo4j.driver.internal.shaded.io.netty.channel.AbstractChannelHandlerContext.invokeChannelRead(AbstractChannelHandlerContext.java:348)
		at org.neo4j.driver.internal.shaded.io.netty.channel.DefaultChannelPipeline.fireChannelRead(DefaultChannelPipeline.java:945)
		at org.neo4j.driver.internal.shaded.io.netty.channel.nio.AbstractNioByteChannel$NioByteUnsafe.read(AbstractNioByteChannel.java:146)
		at org.neo4j.driver.internal.shaded.io.netty.channel.nio.NioEventLoop.processSelectedKey(NioEventLoop.java:645)
		at org.neo4j.driver.internal.shaded.io.netty.channel.nio.NioEventLoop.processSelectedKeysOptimized(NioEventLoop.java:580)
		at org.neo4j.driver.internal.shaded.io.netty.channel.nio.NioEventLoop.processSelectedKeys(NioEventLoop.java:497)
		at org.neo4j.driver.internal.shaded.io.netty.channel.nio.NioEventLoop.run(NioEventLoop.java:459)
		at org.neo4j.driver.internal.shaded.io.netty.util.concurrent.SingleThreadEventExecutor$5.run(SingleThreadEventExecutor.java:886)
		at org.neo4j.driver.internal.shaded.io.netty.util.concurrent.FastThreadLocalRunnable.run(FastThreadLocalRunnable.java:30)
		at java.lang.Thread.run(Thread.java:748)
2019-10-01 19:11:40 - error while executing neo4j statement
org.neo4j.driver.v1.exceptions.ClientException: Query cannot conclude with MATCH (must be RETURN or an update clause) (line 1, column 1 (offset: 0))
"match (parent:GraphNode{id: '0', projectId: '10'}) <-[r:linked]- (child:GraphNode{id: '905429474', projectId: '10'});"
 ^
	at org.neo4j.driver.internal.util.Futures.blockingGet(Futures.java:122)
	at org.neo4j.driver.internal.ExplicitTransaction.close(ExplicitTransaction.java:117)
	at org.neo4j.driver.internal.NetworkSession.lambda$transaction$10(NetworkSession.java:332)
	at org.neo4j.driver.internal.retry.ExponentialBackoffRetryLogic.retry(ExponentialBackoffRetryLogic.java:93)
	at org.neo4j.driver.internal.NetworkSession.transaction(NetworkSession.java:315)
	at org.neo4j.driver.internal.NetworkSession.writeTransaction(NetworkSession.java:235)
	at org.neo4j.driver.internal.NetworkSession.writeTransaction(NetworkSession.java:229)
	at com.arafeh.jsf.service.Neo4jExecutorService.execute(Neo4jExecutorService.java:57)
	at com.arafeh.jsf.bll.RelationNodeBll.saveNeo4j(RelationNodeBll.java:71)
	at com.arafeh.jsf.bll.RelationNodeBll.saveNodeNeo4j(RelationNodeBll.java:81)
	at com.arafeh.jsf.dal.RelationNodeTest.testSaveNeo(RelationNodeTest.java:99)
	at sun.reflect.NativeMethodAccessorImpl.invoke0(Native Method)
	at sun.reflect.NativeMethodAccessorImpl.invoke(NativeMethodAccessorImpl.java:62)
	at sun.reflect.DelegatingMethodAccessorImpl.invoke(DelegatingMethodAccessorImpl.java:43)
	at java.lang.reflect.Method.invoke(Method.java:498)
	at org.junit.runners.model.FrameworkMethod$1.runReflectiveCall(FrameworkMethod.java:50)
	at org.junit.internal.runners.model.ReflectiveCallable.run(ReflectiveCallable.java:12)
	at org.junit.runners.model.FrameworkMethod.invokeExplosively(FrameworkMethod.java:47)
	at org.junit.internal.runners.statements.InvokeMethod.evaluate(InvokeMethod.java:17)
	at org.junit.runners.ParentRunner.runLeaf(ParentRunner.java:325)
	at org.junit.runners.BlockJUnit4ClassRunner.runChild(BlockJUnit4ClassRunner.java:78)
	at org.junit.runners.BlockJUnit4ClassRunner.runChild(BlockJUnit4ClassRunner.java:57)
	at org.junit.runners.ParentRunner$3.run(ParentRunner.java:290)
	at org.junit.runners.ParentRunner$1.schedule(ParentRunner.java:71)
	at org.junit.runners.ParentRunner.runChildren(ParentRunner.java:288)
	at org.junit.runners.ParentRunner.access$000(ParentRunner.java:58)
	at org.junit.runners.ParentRunner$2.evaluate(ParentRunner.java:268)
	at org.junit.runners.ParentRunner.run(ParentRunner.java:363)
	at org.junit.runner.JUnitCore.run(JUnitCore.java:137)
	at com.intellij.junit4.JUnit4IdeaTestRunner.startRunnerWithArgs(JUnit4IdeaTestRunner.java:68)
	at com.intellij.rt.execution.junit.IdeaTestRunner$Repeater.startRunnerWithArgs(IdeaTestRunner.java:47)
	at com.intellij.rt.execution.junit.JUnitStarter.prepareStreamsAndStart(JUnitStarter.java:242)
	at com.intellij.rt.execution.junit.JUnitStarter.main(JUnitStarter.java:70)
	Suppressed: org.neo4j.driver.v1.exceptions.ClientException: Transaction can't be committed. It has been rolled back either because of an error or explicit termination
		at org.neo4j.driver.internal.ExplicitTransaction.doCommitAsync(ExplicitTransaction.java:235)
		at org.neo4j.driver.internal.ExplicitTransaction.lambda$commitAsync$2(ExplicitTransaction.java:151)
		at java.util.concurrent.CompletableFuture.uniComposeStage(CompletableFuture.java:981)
		at java.util.concurrent.CompletableFuture.thenCompose(CompletableFuture.java:2124)
		at java.util.concurrent.CompletableFuture.thenCompose(CompletableFuture.java:110)
		at org.neo4j.driver.internal.ExplicitTransaction.commitAsync(ExplicitTransaction.java:151)
		at org.neo4j.driver.internal.ExplicitTransaction.closeAsync(ExplicitTransaction.java:125)
		... 32 common frames omitted
	Suppressed: org.neo4j.driver.internal.util.ErrorUtil$InternalExceptionCause: null
		at org.neo4j.driver.internal.util.ErrorUtil.newNeo4jError(ErrorUtil.java:67)
		at org.neo4j.driver.internal.async.inbound.InboundMessageDispatcher.handleFailureMessage(InboundMessageDispatcher.java:104)
		at org.neo4j.driver.internal.messaging.v1.MessageReaderV1.unpackFailureMessage(MessageReaderV1.java:83)
		at org.neo4j.driver.internal.messaging.v1.MessageReaderV1.read(MessageReaderV1.java:59)
		at org.neo4j.driver.internal.async.inbound.InboundMessageHandler.channelRead0(InboundMessageHandler.java:83)
		at org.neo4j.driver.internal.async.inbound.InboundMessageHandler.channelRead0(InboundMessageHandler.java:35)
		at org.neo4j.driver.internal.shaded.io.netty.channel.SimpleChannelInboundHandler.channelRead(SimpleChannelInboundHandler.java:105)
		at org.neo4j.driver.internal.shaded.io.netty.channel.AbstractChannelHandlerContext.invokeChannelRead(AbstractChannelHandlerContext.java:362)
		at org.neo4j.driver.internal.shaded.io.netty.channel.AbstractChannelHandlerContext.invokeChannelRead(AbstractChannelHandlerContext.java:348)
		at org.neo4j.driver.internal.shaded.io.netty.channel.AbstractChannelHandlerContext.fireChannelRead(AbstractChannelHandlerContext.java:340)
		at org.neo4j.driver.internal.shaded.io.netty.handler.codec.ByteToMessageDecoder.fireChannelRead(ByteToMessageDecoder.java:310)
		at org.neo4j.driver.internal.shaded.io.netty.handler.codec.ByteToMessageDecoder.channelRead(ByteToMessageDecoder.java:284)
		at org.neo4j.driver.internal.async.inbound.MessageDecoder.channelRead(MessageDecoder.java:47)
		at org.neo4j.driver.internal.shaded.io.netty.channel.AbstractChannelHandlerContext.invokeChannelRead(AbstractChannelHandlerContext.java:362)
		at org.neo4j.driver.internal.shaded.io.netty.channel.AbstractChannelHandlerContext.invokeChannelRead(AbstractChannelHandlerContext.java:348)
		at org.neo4j.driver.internal.shaded.io.netty.channel.AbstractChannelHandlerContext.fireChannelRead(AbstractChannelHandlerContext.java:340)
		at org.neo4j.driver.internal.shaded.io.netty.handler.codec.ByteToMessageDecoder.fireChannelRead(ByteToMessageDecoder.java:310)
		at org.neo4j.driver.internal.shaded.io.netty.handler.codec.ByteToMessageDecoder.fireChannelRead(ByteToMessageDecoder.java:297)
		at org.neo4j.driver.internal.shaded.io.netty.handler.codec.ByteToMessageDecoder.callDecode(ByteToMessageDecoder.java:413)
		at org.neo4j.driver.internal.shaded.io.netty.handler.codec.ByteToMessageDecoder.channelRead(ByteToMessageDecoder.java:265)
		at org.neo4j.driver.internal.shaded.io.netty.channel.AbstractChannelHandlerContext.invokeChannelRead(AbstractChannelHandlerContext.java:362)
		at org.neo4j.driver.internal.shaded.io.netty.channel.AbstractChannelHandlerContext.invokeChannelRead(AbstractChannelHandlerContext.java:348)
		at org.neo4j.driver.internal.shaded.io.netty.channel.AbstractChannelHandlerContext.fireChannelRead(AbstractChannelHandlerContext.java:340)
		at org.neo4j.driver.internal.shaded.io.netty.handler.ssl.SslHandler.unwrap(SslHandler.java:1389)
		at org.neo4j.driver.internal.shaded.io.netty.handler.ssl.SslHandler.decodeJdkCompatible(SslHandler.java:1159)
		at org.neo4j.driver.internal.shaded.io.netty.handler.ssl.SslHandler.decode(SslHandler.java:1203)
		at org.neo4j.driver.internal.shaded.io.netty.handler.codec.ByteToMessageDecoder.decodeRemovalReentryProtection(ByteToMessageDecoder.java:489)
		at org.neo4j.driver.internal.shaded.io.netty.handler.codec.ByteToMessageDecoder.callDecode(ByteToMessageDecoder.java:428)
		at org.neo4j.driver.internal.shaded.io.netty.handler.codec.ByteToMessageDecoder.channelRead(ByteToMessageDecoder.java:265)
		at org.neo4j.driver.internal.shaded.io.netty.channel.AbstractChannelHandlerContext.invokeChannelRead(AbstractChannelHandlerContext.java:362)
		at org.neo4j.driver.internal.shaded.io.netty.channel.AbstractChannelHandlerContext.invokeChannelRead(AbstractChannelHandlerContext.java:348)
		at org.neo4j.driver.internal.shaded.io.netty.channel.AbstractChannelHandlerContext.fireChannelRead(AbstractChannelHandlerContext.java:340)
		at org.neo4j.driver.internal.shaded.io.netty.channel.DefaultChannelPipeline$HeadContext.channelRead(DefaultChannelPipeline.java:1414)
		at org.neo4j.driver.internal.shaded.io.netty.channel.AbstractChannelHandlerContext.invokeChannelRead(AbstractChannelHandlerContext.java:362)
		at org.neo4j.driver.internal.shaded.io.netty.channel.AbstractChannelHandlerContext.invokeChannelRead(AbstractChannelHandlerContext.java:348)
		at org.neo4j.driver.internal.shaded.io.netty.channel.DefaultChannelPipeline.fireChannelRead(DefaultChannelPipeline.java:945)
		at org.neo4j.driver.internal.shaded.io.netty.channel.nio.AbstractNioByteChannel$NioByteUnsafe.read(AbstractNioByteChannel.java:146)
		at org.neo4j.driver.internal.shaded.io.netty.channel.nio.NioEventLoop.processSelectedKey(NioEventLoop.java:645)
		at org.neo4j.driver.internal.shaded.io.netty.channel.nio.NioEventLoop.processSelectedKeysOptimized(NioEventLoop.java:580)
		at org.neo4j.driver.internal.shaded.io.netty.channel.nio.NioEventLoop.processSelectedKeys(NioEventLoop.java:497)
		at org.neo4j.driver.internal.shaded.io.netty.channel.nio.NioEventLoop.run(NioEventLoop.java:459)
		at org.neo4j.driver.internal.shaded.io.netty.util.concurrent.SingleThreadEventExecutor$5.run(SingleThreadEventExecutor.java:886)
		at org.neo4j.driver.internal.shaded.io.netty.util.concurrent.FastThreadLocalRunnable.run(FastThreadLocalRunnable.java:30)
		at java.lang.Thread.run(Thread.java:748)
2019-10-01 19:11:40 - error while executing neo4j statement
org.neo4j.driver.v1.exceptions.ClientException: Query cannot conclude with MATCH (must be RETURN or an update clause) (line 1, column 1 (offset: 0))
"match (parent:GraphNode{id: '905429474', projectId: '10'}) <-[r:linked]- (child:GraphNode{id: '307725096', projectId: '10'});"
 ^
	at org.neo4j.driver.internal.util.Futures.blockingGet(Futures.java:122)
	at org.neo4j.driver.internal.ExplicitTransaction.close(ExplicitTransaction.java:117)
	at org.neo4j.driver.internal.NetworkSession.lambda$transaction$10(NetworkSession.java:332)
	at org.neo4j.driver.internal.retry.ExponentialBackoffRetryLogic.retry(ExponentialBackoffRetryLogic.java:93)
	at org.neo4j.driver.internal.NetworkSession.transaction(NetworkSession.java:315)
	at org.neo4j.driver.internal.NetworkSession.writeTransaction(NetworkSession.java:235)
	at org.neo4j.driver.internal.NetworkSession.writeTransaction(NetworkSession.java:229)
	at com.arafeh.jsf.service.Neo4jExecutorService.execute(Neo4jExecutorService.java:57)
	at com.arafeh.jsf.bll.RelationNodeBll.saveNeo4j(RelationNodeBll.java:71)
	at com.arafeh.jsf.bll.RelationNodeBll.saveNeo4j(RelationNodeBll.java:76)
	at com.arafeh.jsf.bll.RelationNodeBll.saveNodeNeo4j(RelationNodeBll.java:82)
	at com.arafeh.jsf.dal.RelationNodeTest.testSaveNeo(RelationNodeTest.java:99)
	at sun.reflect.NativeMethodAccessorImpl.invoke0(Native Method)
	at sun.reflect.NativeMethodAccessorImpl.invoke(NativeMethodAccessorImpl.java:62)
	at sun.reflect.DelegatingMethodAccessorImpl.invoke(DelegatingMethodAccessorImpl.java:43)
	at java.lang.reflect.Method.invoke(Method.java:498)
	at org.junit.runners.model.FrameworkMethod$1.runReflectiveCall(FrameworkMethod.java:50)
	at org.junit.internal.runners.model.ReflectiveCallable.run(ReflectiveCallable.java:12)
	at org.junit.runners.model.FrameworkMethod.invokeExplosively(FrameworkMethod.java:47)
	at org.junit.internal.runners.statements.InvokeMethod.evaluate(InvokeMethod.java:17)
	at org.junit.runners.ParentRunner.runLeaf(ParentRunner.java:325)
	at org.junit.runners.BlockJUnit4ClassRunner.runChild(BlockJUnit4ClassRunner.java:78)
	at org.junit.runners.BlockJUnit4ClassRunner.runChild(BlockJUnit4ClassRunner.java:57)
	at org.junit.runners.ParentRunner$3.run(ParentRunner.java:290)
	at org.junit.runners.ParentRunner$1.schedule(ParentRunner.java:71)
	at org.junit.runners.ParentRunner.runChildren(ParentRunner.java:288)
	at org.junit.runners.ParentRunner.access$000(ParentRunner.java:58)
	at org.junit.runners.ParentRunner$2.evaluate(ParentRunner.java:268)
	at org.junit.runners.ParentRunner.run(ParentRunner.java:363)
	at org.junit.runner.JUnitCore.run(JUnitCore.java:137)
	at com.intellij.junit4.JUnit4IdeaTestRunner.startRunnerWithArgs(JUnit4IdeaTestRunner.java:68)
	at com.intellij.rt.execution.junit.IdeaTestRunner$Repeater.startRunnerWithArgs(IdeaTestRunner.java:47)
	at com.intellij.rt.execution.junit.JUnitStarter.prepareStreamsAndStart(JUnitStarter.java:242)
	at com.intellij.rt.execution.junit.JUnitStarter.main(JUnitStarter.java:70)
	Suppressed: org.neo4j.driver.v1.exceptions.ClientException: Transaction can't be committed. It has been rolled back either because of an error or explicit termination
		at org.neo4j.driver.internal.ExplicitTransaction.doCommitAsync(ExplicitTransaction.java:235)
		at org.neo4j.driver.internal.ExplicitTransaction.lambda$commitAsync$2(ExplicitTransaction.java:151)
		at java.util.concurrent.CompletableFuture.uniCompose(CompletableFuture.java:952)
		at java.util.concurrent.CompletableFuture$UniCompose.tryFire(CompletableFuture.java:926)
		at java.util.concurrent.CompletableFuture.postComplete(CompletableFuture.java:474)
		at java.util.concurrent.CompletableFuture.complete(CompletableFuture.java:1962)
		at org.neo4j.driver.internal.handlers.PullAllResponseHandler.completeFailureFuture(PullAllResponseHandler.java:326)
		at org.neo4j.driver.internal.handlers.PullAllResponseHandler.onFailure(PullAllResponseHandler.java:109)
		at org.neo4j.driver.internal.async.inbound.InboundMessageDispatcher.handleIgnoredMessage(InboundMessageDispatcher.java:141)
		at org.neo4j.driver.internal.messaging.v1.MessageReaderV1.unpackIgnoredMessage(MessageReaderV1.java:88)
		at org.neo4j.driver.internal.messaging.v1.MessageReaderV1.read(MessageReaderV1.java:62)
		at org.neo4j.driver.internal.async.inbound.InboundMessageHandler.channelRead0(InboundMessageHandler.java:83)
		at org.neo4j.driver.internal.async.inbound.InboundMessageHandler.channelRead0(InboundMessageHandler.java:35)
		at org.neo4j.driver.internal.shaded.io.netty.channel.SimpleChannelInboundHandler.channelRead(SimpleChannelInboundHandler.java:105)
		at org.neo4j.driver.internal.shaded.io.netty.channel.AbstractChannelHandlerContext.invokeChannelRead(AbstractChannelHandlerContext.java:362)
		at org.neo4j.driver.internal.shaded.io.netty.channel.AbstractChannelHandlerContext.invokeChannelRead(AbstractChannelHandlerContext.java:348)
		at org.neo4j.driver.internal.shaded.io.netty.channel.AbstractChannelHandlerContext.fireChannelRead(AbstractChannelHandlerContext.java:340)
		at org.neo4j.driver.internal.shaded.io.netty.handler.codec.ByteToMessageDecoder.fireChannelRead(ByteToMessageDecoder.java:310)
		at org.neo4j.driver.internal.shaded.io.netty.handler.codec.ByteToMessageDecoder.channelRead(ByteToMessageDecoder.java:284)
		at org.neo4j.driver.internal.async.inbound.MessageDecoder.channelRead(MessageDecoder.java:47)
		at org.neo4j.driver.internal.shaded.io.netty.channel.AbstractChannelHandlerContext.invokeChannelRead(AbstractChannelHandlerContext.java:362)
		at org.neo4j.driver.internal.shaded.io.netty.channel.AbstractChannelHandlerContext.invokeChannelRead(AbstractChannelHandlerContext.java:348)
		at org.neo4j.driver.internal.shaded.io.netty.channel.AbstractChannelHandlerContext.fireChannelRead(AbstractChannelHandlerContext.java:340)
		at org.neo4j.driver.internal.shaded.io.netty.handler.codec.ByteToMessageDecoder.fireChannelRead(ByteToMessageDecoder.java:310)
		at org.neo4j.driver.internal.shaded.io.netty.handler.codec.ByteToMessageDecoder.channelRead(ByteToMessageDecoder.java:284)
		at org.neo4j.driver.internal.shaded.io.netty.channel.AbstractChannelHandlerContext.invokeChannelRead(AbstractChannelHandlerContext.java:362)
		at org.neo4j.driver.internal.shaded.io.netty.channel.AbstractChannelHandlerContext.invokeChannelRead(AbstractChannelHandlerContext.java:348)
		at org.neo4j.driver.internal.shaded.io.netty.channel.AbstractChannelHandlerContext.fireChannelRead(AbstractChannelHandlerContext.java:340)
		at org.neo4j.driver.internal.shaded.io.netty.handler.ssl.SslHandler.unwrap(SslHandler.java:1389)
		at org.neo4j.driver.internal.shaded.io.netty.handler.ssl.SslHandler.decodeJdkCompatible(SslHandler.java:1159)
		at org.neo4j.driver.internal.shaded.io.netty.handler.ssl.SslHandler.decode(SslHandler.java:1203)
		at org.neo4j.driver.internal.shaded.io.netty.handler.codec.ByteToMessageDecoder.decodeRemovalReentryProtection(ByteToMessageDecoder.java:489)
		at org.neo4j.driver.internal.shaded.io.netty.handler.codec.ByteToMessageDecoder.callDecode(ByteToMessageDecoder.java:428)
		at org.neo4j.driver.internal.shaded.io.netty.handler.codec.ByteToMessageDecoder.channelRead(ByteToMessageDecoder.java:265)
		at org.neo4j.driver.internal.shaded.io.netty.channel.AbstractChannelHandlerContext.invokeChannelRead(AbstractChannelHandlerContext.java:362)
		at org.neo4j.driver.internal.shaded.io.netty.channel.AbstractChannelHandlerContext.invokeChannelRead(AbstractChannelHandlerContext.java:348)
		at org.neo4j.driver.internal.shaded.io.netty.channel.AbstractChannelHandlerContext.fireChannelRead(AbstractChannelHandlerContext.java:340)
		at org.neo4j.driver.internal.shaded.io.netty.channel.DefaultChannelPipeline$HeadContext.channelRead(DefaultChannelPipeline.java:1414)
		at org.neo4j.driver.internal.shaded.io.netty.channel.AbstractChannelHandlerContext.invokeChannelRead(AbstractChannelHandlerContext.java:362)
		at org.neo4j.driver.internal.shaded.io.netty.channel.AbstractChannelHandlerContext.invokeChannelRead(AbstractChannelHandlerContext.java:348)
		at org.neo4j.driver.internal.shaded.io.netty.channel.DefaultChannelPipeline.fireChannelRead(DefaultChannelPipeline.java:945)
		at org.neo4j.driver.internal.shaded.io.netty.channel.nio.AbstractNioByteChannel$NioByteUnsafe.read(AbstractNioByteChannel.java:146)
		at org.neo4j.driver.internal.shaded.io.netty.channel.nio.NioEventLoop.processSelectedKey(NioEventLoop.java:645)
		at org.neo4j.driver.internal.shaded.io.netty.channel.nio.NioEventLoop.processSelectedKeysOptimized(NioEventLoop.java:580)
		at org.neo4j.driver.internal.shaded.io.netty.channel.nio.NioEventLoop.processSelectedKeys(NioEventLoop.java:497)
		at org.neo4j.driver.internal.shaded.io.netty.channel.nio.NioEventLoop.run(NioEventLoop.java:459)
		at org.neo4j.driver.internal.shaded.io.netty.util.concurrent.SingleThreadEventExecutor$5.run(SingleThreadEventExecutor.java:886)
		at org.neo4j.driver.internal.shaded.io.netty.util.concurrent.FastThreadLocalRunnable.run(FastThreadLocalRunnable.java:30)
		at java.lang.Thread.run(Thread.java:748)
	Suppressed: org.neo4j.driver.internal.util.ErrorUtil$InternalExceptionCause: null
		at org.neo4j.driver.internal.util.ErrorUtil.newNeo4jError(ErrorUtil.java:67)
		at org.neo4j.driver.internal.async.inbound.InboundMessageDispatcher.handleFailureMessage(InboundMessageDispatcher.java:104)
		at org.neo4j.driver.internal.messaging.v1.MessageReaderV1.unpackFailureMessage(MessageReaderV1.java:83)
		at org.neo4j.driver.internal.messaging.v1.MessageReaderV1.read(MessageReaderV1.java:59)
		at org.neo4j.driver.internal.async.inbound.InboundMessageHandler.channelRead0(InboundMessageHandler.java:83)
		at org.neo4j.driver.internal.async.inbound.InboundMessageHandler.channelRead0(InboundMessageHandler.java:35)
		at org.neo4j.driver.internal.shaded.io.netty.channel.SimpleChannelInboundHandler.channelRead(SimpleChannelInboundHandler.java:105)
		at org.neo4j.driver.internal.shaded.io.netty.channel.AbstractChannelHandlerContext.invokeChannelRead(AbstractChannelHandlerContext.java:362)
		at org.neo4j.driver.internal.shaded.io.netty.channel.AbstractChannelHandlerContext.invokeChannelRead(AbstractChannelHandlerContext.java:348)
		at org.neo4j.driver.internal.shaded.io.netty.channel.AbstractChannelHandlerContext.fireChannelRead(AbstractChannelHandlerContext.java:340)
		at org.neo4j.driver.internal.shaded.io.netty.handler.codec.ByteToMessageDecoder.fireChannelRead(ByteToMessageDecoder.java:310)
		at org.neo4j.driver.internal.shaded.io.netty.handler.codec.ByteToMessageDecoder.channelRead(ByteToMessageDecoder.java:284)
		at org.neo4j.driver.internal.async.inbound.MessageDecoder.channelRead(MessageDecoder.java:47)
		at org.neo4j.driver.internal.shaded.io.netty.channel.AbstractChannelHandlerContext.invokeChannelRead(AbstractChannelHandlerContext.java:362)
		at org.neo4j.driver.internal.shaded.io.netty.channel.AbstractChannelHandlerContext.invokeChannelRead(AbstractChannelHandlerContext.java:348)
		at org.neo4j.driver.internal.shaded.io.netty.channel.AbstractChannelHandlerContext.fireChannelRead(AbstractChannelHandlerContext.java:340)
		at org.neo4j.driver.internal.shaded.io.netty.handler.codec.ByteToMessageDecoder.fireChannelRead(ByteToMessageDecoder.java:310)
		at org.neo4j.driver.internal.shaded.io.netty.handler.codec.ByteToMessageDecoder.fireChannelRead(ByteToMessageDecoder.java:297)
		at org.neo4j.driver.internal.shaded.io.netty.handler.codec.ByteToMessageDecoder.callDecode(ByteToMessageDecoder.java:413)
		at org.neo4j.driver.internal.shaded.io.netty.handler.codec.ByteToMessageDecoder.channelRead(ByteToMessageDecoder.java:265)
		at org.neo4j.driver.internal.shaded.io.netty.channel.AbstractChannelHandlerContext.invokeChannelRead(AbstractChannelHandlerContext.java:362)
		at org.neo4j.driver.internal.shaded.io.netty.channel.AbstractChannelHandlerContext.invokeChannelRead(AbstractChannelHandlerContext.java:348)
		at org.neo4j.driver.internal.shaded.io.netty.channel.AbstractChannelHandlerContext.fireChannelRead(AbstractChannelHandlerContext.java:340)
		at org.neo4j.driver.internal.shaded.io.netty.handler.ssl.SslHandler.unwrap(SslHandler.java:1389)
		at org.neo4j.driver.internal.shaded.io.netty.handler.ssl.SslHandler.decodeJdkCompatible(SslHandler.java:1159)
		at org.neo4j.driver.internal.shaded.io.netty.handler.ssl.SslHandler.decode(SslHandler.java:1203)
		at org.neo4j.driver.internal.shaded.io.netty.handler.codec.ByteToMessageDecoder.decodeRemovalReentryProtection(ByteToMessageDecoder.java:489)
		at org.neo4j.driver.internal.shaded.io.netty.handler.codec.ByteToMessageDecoder.callDecode(ByteToMessageDecoder.java:428)
		at org.neo4j.driver.internal.shaded.io.netty.handler.codec.ByteToMessageDecoder.channelRead(ByteToMessageDecoder.java:265)
		at org.neo4j.driver.internal.shaded.io.netty.channel.AbstractChannelHandlerContext.invokeChannelRead(AbstractChannelHandlerContext.java:362)
		at org.neo4j.driver.internal.shaded.io.netty.channel.AbstractChannelHandlerContext.invokeChannelRead(AbstractChannelHandlerContext.java:348)
		at org.neo4j.driver.internal.shaded.io.netty.channel.AbstractChannelHandlerContext.fireChannelRead(AbstractChannelHandlerContext.java:340)
		at org.neo4j.driver.internal.shaded.io.netty.channel.DefaultChannelPipeline$HeadContext.channelRead(DefaultChannelPipeline.java:1414)
		at org.neo4j.driver.internal.shaded.io.netty.channel.AbstractChannelHandlerContext.invokeChannelRead(AbstractChannelHandlerContext.java:362)
		at org.neo4j.driver.internal.shaded.io.netty.channel.AbstractChannelHandlerContext.invokeChannelRead(AbstractChannelHandlerContext.java:348)
		at org.neo4j.driver.internal.shaded.io.netty.channel.DefaultChannelPipeline.fireChannelRead(DefaultChannelPipeline.java:945)
		at org.neo4j.driver.internal.shaded.io.netty.channel.nio.AbstractNioByteChannel$NioByteUnsafe.read(AbstractNioByteChannel.java:146)
		at org.neo4j.driver.internal.shaded.io.netty.channel.nio.NioEventLoop.processSelectedKey(NioEventLoop.java:645)
		at org.neo4j.driver.internal.shaded.io.netty.channel.nio.NioEventLoop.processSelectedKeysOptimized(NioEventLoop.java:580)
		at org.neo4j.driver.internal.shaded.io.netty.channel.nio.NioEventLoop.processSelectedKeys(NioEventLoop.java:497)
		at org.neo4j.driver.internal.shaded.io.netty.channel.nio.NioEventLoop.run(NioEventLoop.java:459)
		at org.neo4j.driver.internal.shaded.io.netty.util.concurrent.SingleThreadEventExecutor$5.run(SingleThreadEventExecutor.java:886)
		at org.neo4j.driver.internal.shaded.io.netty.util.concurrent.FastThreadLocalRunnable.run(FastThreadLocalRunnable.java:30)
		at java.lang.Thread.run(Thread.java:748)
