2020-01-24 18:16:50 INFO  - properties loaded from internal resource. 
In case you need to customise your properties create this path C:\Users\Arafeh\Documents/socins/conf/ and load your config into app.properties. Example of properties:
# Parameters neo4j
neo4j.uri=bolt://localhost:7687
neo4j.user=neo4j
neo4j.password=admin
# Parameters mongodb
mongodb.host=localhost
mongodb.port=27017
mongodb.database=socins
mongodb.user=admin
mongodb.password=admin
mongodb.auth=false
# Parameters LocalTwitterDB
localtwitter.server=localhost
localtwitter.user=root
localtwitter.password=
localtwitter.database=twitter
# Twitter oAuths json file
twitter.oauths_file=twitter.json
app.package=com.arafeh.jsf
mapbox.accessToken=pk.eyJ1IjoiYXJhZmVoMTk4IiwiYSI6ImNqdnA4NmtvMjIwZHA0NG1sM2h5bGd6amUifQ.7nfl_L1gR-u9XxYvTD7fvA

2020-01-24 18:18:56 INFO  - properties loaded from internal resource. 
In case you need to customise your properties create this path C:\Users\Arafeh\Documents/socins/conf/ and load your config into app.properties. Example of properties:
# Parameters neo4j
neo4j.uri=bolt://localhost:7687
neo4j.user=neo4j
neo4j.password=admin
# Parameters mongodb
mongodb.host=localhost
mongodb.port=27017
mongodb.database=socins
mongodb.user=admin
mongodb.password=admin
mongodb.auth=false
# Parameters LocalTwitterDB
localtwitter.server=localhost
localtwitter.user=root
localtwitter.password=
localtwitter.database=twitter
# Twitter oAuths json file
twitter.oauths_file=twitter.json
app.package=com.arafeh.jsf
mapbox.accessToken=pk.eyJ1IjoiYXJhZmVoMTk4IiwiYSI6ImNqdnA4NmtvMjIwZHA0NG1sM2h5bGd6amUifQ.7nfl_L1gR-u9XxYvTD7fvA

